<?xml version="1.0" encoding="UTF-8"?>
<testsuites name="jest tests" tests="1" failures="0" errors="0" time="1.934">
  <testsuite name="AppComponent" errors="0" failures="0" skipped="0" timestamp="2022-11-05T13:48:36" time="0.98" tests="1">
    <testcase classname="AppComponent should create the app" name="AppComponent should create the app" time="0.042">
    </testcase>
  </testsuite>
</testsuites>